2024-03-24T21:06:09.171-03:00  INFO 7088 --- [SpringApplicationShutdownHook] j.LocalContainerEntityManagerFactoryBean : Closing JPA EntityManagerFactory for persistence unit 'default'
2024-03-24T21:06:09.178-03:00  INFO 7088 --- [SpringApplicationShutdownHook] com.zaxxer.hikari.HikariDataSource       : HikariPool-1 - Shutdown initiated...
2024-03-24T21:06:09.274-03:00  INFO 7088 --- [SpringApplicationShutdownHook] com.zaxxer.hikari.HikariDataSource       : HikariPool-1 - Shutdown completed.
2024-03-24T21:17:59.038-03:00  INFO 4908 --- [main] c.j.s.SpringbootApiProductsApplication   : Starting SpringbootApiProductsApplication using Java 19.0.2 with PID 4908 (C:\Users\jessi\OneDrive\Documentos\springboot-api-products\target\classes started by jessi in C:\Users\jessi\OneDrive\Documentos\springboot-api-products)
2024-03-24T21:17:59.046-03:00  INFO 4908 --- [main] c.j.s.SpringbootApiProductsApplication   : No active profile set, falling back to 1 default profile: "default"
2024-03-24T21:18:01.665-03:00  INFO 4908 --- [main] .s.d.r.c.RepositoryConfigurationDelegate : Bootstrapping Spring Data JPA repositories in DEFAULT mode.
2024-03-24T21:18:01.854-03:00  INFO 4908 --- [main] .s.d.r.c.RepositoryConfigurationDelegate : Finished Spring Data repository scanning in 160 ms. Found 1 JPA repository interface.
2024-03-24T21:18:03.964-03:00  INFO 4908 --- [main] o.s.b.w.embedded.tomcat.TomcatWebServer  : Tomcat initialized with port 8080 (http)
2024-03-24T21:18:04.008-03:00  INFO 4908 --- [main] o.apache.catalina.core.StandardService   : Starting service [Tomcat]
2024-03-24T21:18:04.009-03:00  INFO 4908 --- [main] o.apache.catalina.core.StandardEngine    : Starting Servlet engine: [Apache Tomcat/10.1.19]
2024-03-24T21:18:04.224-03:00  INFO 4908 --- [main] o.a.c.c.C.[Tomcat].[localhost].[/]       : Initializing Spring embedded WebApplicationContext
2024-03-24T21:18:04.225-03:00  INFO 4908 --- [main] w.s.c.ServletWebServerApplicationContext : Root WebApplicationContext: initialization completed in 4997 ms
2024-03-24T21:18:04.764-03:00  INFO 4908 --- [main] o.hibernate.jpa.internal.util.LogHelper  : HHH000204: Processing PersistenceUnitInfo [name: default]
2024-03-24T21:18:05.005-03:00  INFO 4908 --- [main] org.hibernate.Version                    : HHH000412: Hibernate ORM core version 6.4.4.Final
2024-03-24T21:18:05.128-03:00  INFO 4908 --- [main] o.h.c.internal.RegionFactoryInitiator    : HHH000026: Second-level cache disabled
2024-03-24T21:18:06.021-03:00  INFO 4908 --- [main] o.s.o.j.p.SpringPersistenceUnitInfo      : No LoadTimeWeaver setup: ignoring JPA class transformer
2024-03-24T21:18:06.109-03:00  INFO 4908 --- [main] com.zaxxer.hikari.HikariDataSource       : HikariPool-1 - Starting...
2024-03-24T21:18:06.819-03:00  INFO 4908 --- [main] com.zaxxer.hikari.pool.HikariPool        : HikariPool-1 - Added connection org.postgresql.jdbc.PgConnection@54326e9
2024-03-24T21:18:06.828-03:00  INFO 4908 --- [main] com.zaxxer.hikari.HikariDataSource       : HikariPool-1 - Start completed.
2024-03-24T21:18:10.555-03:00  INFO 4908 --- [main] o.h.e.t.j.p.i.JtaPlatformInitiator       : HHH000489: No JTA platform available (set 'hibernate.transaction.jta.platform' to enable JTA platform integration)
2024-03-24T21:18:10.754-03:00  INFO 4908 --- [main] j.LocalContainerEntityManagerFactoryBean : Initialized JPA EntityManagerFactory for persistence unit 'default'
2024-03-24T21:18:11.575-03:00  WARN 4908 --- [main] JpaBaseConfiguration$JpaWebConfiguration : spring.jpa.open-in-view is enabled by default. Therefore, database queries may be performed during view rendering. Explicitly configure spring.jpa.open-in-view to disable this warning
2024-03-24T21:18:12.822-03:00  INFO 4908 --- [main] o.s.b.w.embedded.tomcat.TomcatWebServer  : Tomcat started on port 8080 (http) with context path ''
2024-03-24T21:18:12.854-03:00  INFO 4908 --- [main] c.j.s.SpringbootApiProductsApplication   : Started SpringbootApiProductsApplication in 15.493 seconds (process running for 17.011)
2024-03-24T21:20:49.208-03:00  INFO 4908 --- [http-nio-8080-exec-2] o.a.c.c.C.[Tomcat].[localhost].[/]       : Initializing Spring DispatcherServlet 'dispatcherServlet'
2024-03-24T21:20:49.210-03:00  INFO 4908 --- [http-nio-8080-exec-2] o.s.web.servlet.DispatcherServlet        : Initializing Servlet 'dispatcherServlet'
2024-03-24T21:20:49.215-03:00  INFO 4908 --- [http-nio-8080-exec-2] o.s.web.servlet.DispatcherServlet        : Completed initialization in 5 ms
2024-03-24T21:20:49.913-03:00  INFO 4908 --- [http-nio-8080-exec-2] c.j.s.service.ProductService             : Saving a new product: ProductDto[name=Bonec Naruto, value=200, quantity=100, description=lore lore lore lore lore lore lore lore lore]
2024-03-24T21:21:06.661-03:00  INFO 4908 --- [http-nio-8080-exec-3] c.j.s.service.ProductService             : Saving a new product: ProductDto[name=Bonec Boruto, value=200, quantity=100, description=lore lore lore lore lore lore lore lore lore]
2024-03-24T21:21:11.460-03:00  INFO 4908 --- [http-nio-8080-exec-4] c.j.s.service.ProductService             : Fetching all products
2024-03-24T21:21:22.113-03:00  INFO 4908 --- [http-nio-8080-exec-5] c.j.s.service.ProductService             : Fetching product with id: ebf8cdde-edaa-4f37-95da-6be7a572bd42
2024-03-24T21:21:22.158-03:00  INFO 4908 --- [http-nio-8080-exec-5] c.j.s.service.ProductService             : Product found: com.jessicaarf.springbootapiproducts.models.ProductModel@15596486
2024-03-24T21:21:30.378-03:00  INFO 4908 --- [http-nio-8080-exec-6] c.j.s.service.ProductService             : Updating product with id: ebf8cdde-edaa-4f37-95da-6be7a572bd42
2024-03-24T21:21:35.474-03:00  INFO 4908 --- [http-nio-8080-exec-7] c.j.s.service.ProductService             : Deleting product with id: ebf8cdde-edaa-4f37-95da-6be7a572bd42
2024-03-24T21:21:35.522-03:00  INFO 4908 --- [http-nio-8080-exec-7] c.j.s.service.ProductService             : Product deleted successfully
2024-03-24T21:21:42.144-03:00  INFO 4908 --- [http-nio-8080-exec-8] c.j.s.service.ProductService             : Fetching all products
2024-03-24T21:22:05.371-03:00  INFO 4908 --- [http-nio-8080-exec-9] c.j.s.service.ProductService             : Saving a new product: ProductDto[name=Boneco Naruto, value=200, quantity=100, description=lore lore lore lore lore lore lore lore lore]
2024-03-24T21:22:12.928-03:00  WARN 4908 --- [http-nio-8080-exec-10] .w.s.m.s.DefaultHandlerExceptionResolver : Resolved [org.springframework.web.HttpRequestMethodNotSupportedException: Request method 'PUT' is not supported]
2024-03-24T21:22:22.409-03:00  INFO 4908 --- [http-nio-8080-exec-1] c.j.s.service.ProductService             : Fetching all products
2024-03-24T21:22:30.935-03:00  INFO 4908 --- [http-nio-8080-exec-2] c.j.s.service.ProductService             : Fetching product with id: fb9f9508-aaeb-4a19-b140-5d772655fe97
2024-03-24T21:22:30.943-03:00  INFO 4908 --- [http-nio-8080-exec-2] c.j.s.service.ProductService             : Product found: com.jessicaarf.springbootapiproducts.models.ProductModel@16c42da9
2024-03-24T21:22:52.469-03:00  INFO 4908 --- [http-nio-8080-exec-3] c.j.s.service.ProductService             : Updating product with id: fb9f9508-aaeb-4a19-b140-5d772655fe97
2024-03-24T21:22:56.756-03:00  INFO 4908 --- [http-nio-8080-exec-4] c.j.s.service.ProductService             : Fetching product with id: fb9f9508-aaeb-4a19-b140-5d772655fe97
2024-03-24T21:22:56.761-03:00  INFO 4908 --- [http-nio-8080-exec-4] c.j.s.service.ProductService             : Product found: com.jessicaarf.springbootapiproducts.models.ProductModel@5aed7bc8
2024-03-24T21:23:07.804-03:00  WARN 4908 --- [http-nio-8080-exec-5] .w.s.m.s.DefaultHandlerExceptionResolver : Resolved [org.springframework.web.HttpRequestMethodNotSupportedException: Request method 'POST' is not supported]
2024-03-24T21:23:14.199-03:00  INFO 4908 --- [http-nio-8080-exec-6] c.j.s.service.ImageService               : Starting image upload for product ID: fb9f9508-aaeb-4a19-b140-5d772655fe97
2024-03-24T21:23:14.252-03:00  INFO 4908 --- [http-nio-8080-exec-6] c.j.s.service.ImageService               : Image uploaded successfully for product with id: {}fb9f9508-aaeb-4a19-b140-5d772655fe97
2024-03-24T21:23:28.816-03:00  INFO 4908 --- [http-nio-8080-exec-7] c.j.s.service.ImageService               : Starting image deletion for product ID: fb9f9508-aaeb-4a19-b140-5d772655fe97
2024-03-24T21:23:28.841-03:00  INFO 4908 --- [http-nio-8080-exec-7] c.j.s.service.ImageService               : Image deleted successfully for product with id: fb9f9508-aaeb-4a19-b140-5d772655fe97
2024-03-24T21:23:28.865-03:00  INFO 4908 --- [http-nio-8080-exec-7] c.j.s.service.ImageService               : Image updated successfully for product with id: fb9f9508-aaeb-4a19-b140-5d772655fe97
2024-03-24T21:23:33.774-03:00  INFO 4908 --- [http-nio-8080-exec-8] c.j.s.service.ImageService               : Starting image deletion for product ID: fb9f9508-aaeb-4a19-b140-5d772655fe97
2024-03-24T21:23:33.788-03:00  INFO 4908 --- [http-nio-8080-exec-8] c.j.s.service.ImageService               : Image deleted successfully for product with id: fb9f9508-aaeb-4a19-b140-5d772655fe97
2024-03-24T21:23:49.977-03:00  INFO 4908 --- [http-nio-8080-exec-9] c.j.s.service.ProductService             : Fetching product with id: fb9f9508-aaeb-4a19-b140-5d772655fe97
2024-03-24T21:23:49.983-03:00  INFO 4908 --- [http-nio-8080-exec-9] c.j.s.service.ProductService             : Product found: com.jessicaarf.springbootapiproducts.models.ProductModel@5aed7bc8
2024-03-24T21:23:55.881-03:00  INFO 4908 --- [SpringApplicationShutdownHook] j.LocalContainerEntityManagerFactoryBean : Closing JPA EntityManagerFactory for persistence unit 'default'
2024-03-24T21:23:55.890-03:00  INFO 4908 --- [SpringApplicationShutdownHook] com.zaxxer.hikari.HikariDataSource       : HikariPool-1 - Shutdown initiated...
2024-03-24T21:23:55.910-03:00  INFO 4908 --- [SpringApplicationShutdownHook] com.zaxxer.hikari.HikariDataSource       : HikariPool-1 - Shutdown completed.
